app/build/intermediates/manifest_merge_blame_file/debug/manifest-merger-blame-debug-report.txt
1<?xml version="1.0" encoding="utf-8"?>
2<manifest xmlns:android="http://schemas.android.com/apk/res/android"
3    package="com.krashkrosh748199.shoption"
4    android:versionCode="1"
5    android:versionName="1.0" >
6
7    <uses-sdk
8        android:minSdkVersion="24"
8-->src\main\AndroidManifest.xml
9        android:targetSdkVersion="33" />
9-->src\main\AndroidManifest.xml
10
11    <uses-permission
11-->src\main\AndroidManifest.xml:6:5-8:38
12        android:name="android.permission.READ_EXTERNAL_STORAGE"
12-->src\main\AndroidManifest.xml:7:9-64
13        android:maxSdkVersion="32" />
13-->src\main\AndroidManifest.xml:8:9-35
14    <uses-permission android:name="android.permission.INTERNET" />
14-->[com.google.firebase:firebase-auth:22.3.0] AndroidManifest.xml:25:5-67
14-->[com.google.firebase:firebase-auth:22.3.0] AndroidManifest.xml:25:22-64
15    <uses-permission android:name="android.permission.ACCESS_NETWORK_STATE" />
15-->[com.google.firebase:firebase-auth:22.3.0] AndroidManifest.xml:26:5-79
15-->[com.google.firebase:firebase-auth:22.3.0] AndroidManifest.xml:26:22-76
16    <uses-permission android:name="android.permission.WAKE_LOCK" />
16-->[com.google.android.gms:play-services-measurement-api:21.5.0] AndroidManifest.xml:24:5-68
16-->[com.google.android.gms:play-services-measurement-api:21.5.0] AndroidManifest.xml:24:22-65
17    <uses-permission android:name="com.google.android.gms.permission.AD_ID" />
17-->[com.google.android.gms:play-services-measurement-api:21.5.0] AndroidManifest.xml:25:5-79
17-->[com.google.android.gms:play-services-measurement-api:21.5.0] AndroidManifest.xml:25:22-76
18    <uses-permission android:name="android.permission.ACCESS_ADSERVICES_ATTRIBUTION" />
18-->[com.google.android.gms:play-services-measurement-api:21.5.0] AndroidManifest.xml:26:5-88
18-->[com.google.android.gms:play-services-measurement-api:21.5.0] AndroidManifest.xml:26:22-85
19    <uses-permission android:name="android.permission.ACCESS_ADSERVICES_AD_ID" />
19-->[com.google.android.gms:play-services-measurement-api:21.5.0] AndroidManifest.xml:27:5-82
19-->[com.google.android.gms:play-services-measurement-api:21.5.0] AndroidManifest.xml:27:22-79
20    <uses-permission android:name="com.google.android.finsky.permission.BIND_GET_INSTALL_REFERRER_SERVICE" />
20-->[com.google.android.gms:play-services-measurement:21.5.0] AndroidManifest.xml:26:5-110
20-->[com.google.android.gms:play-services-measurement:21.5.0] AndroidManifest.xml:26:22-107
21
22    <permission
22-->[androidx.core:core:1.12.0] AndroidManifest.xml:22:5-24:47
23        android:name="com.krashkrosh748199.shoption.DYNAMIC_RECEIVER_NOT_EXPORTED_PERMISSION"
23-->[androidx.core:core:1.12.0] AndroidManifest.xml:23:9-81
24        android:protectionLevel="signature" />
24-->[androidx.core:core:1.12.0] AndroidManifest.xml:24:9-44
25
26    <uses-permission android:name="com.krashkrosh748199.shoption.DYNAMIC_RECEIVER_NOT_EXPORTED_PERMISSION" />
26-->[androidx.core:core:1.12.0] AndroidManifest.xml:26:5-97
26-->[androidx.core:core:1.12.0] AndroidManifest.xml:26:22-94
27
28    <application
28-->src\main\AndroidManifest.xml:10:5-91:19
29        android:allowBackup="true"
29-->src\main\AndroidManifest.xml:11:9-35
30        android:appComponentFactory="androidx.core.app.CoreComponentFactory"
30-->[androidx.core:core:1.12.0] AndroidManifest.xml:28:18-86
31        android:debuggable="true"
32        android:extractNativeLibs="false"
33        android:icon="@mipmap/ic_launcher"
33-->src\main\AndroidManifest.xml:12:9-43
34        android:label="@string/app_name"
34-->src\main\AndroidManifest.xml:13:9-41
35        android:roundIcon="@mipmap/ic_launcher"
35-->src\main\AndroidManifest.xml:14:9-48
36        android:supportsRtl="true"
36-->src\main\AndroidManifest.xml:15:9-35
37        android:theme="@style/AppTheme" >
37-->src\main\AndroidManifest.xml:16:9-40
38        <activity
38-->src\main\AndroidManifest.xml:17:9-21:68
39            android:name="com.krashkrosh748199.shoption.ui.activities.SoldProductDetailsActivity"
39-->src\main\AndroidManifest.xml:18:13-69
40            android:exported="false"
40-->src\main\AndroidManifest.xml:19:13-37
41            android:screenOrientation="portrait"
41-->src\main\AndroidManifest.xml:20:13-49
42            android:theme="@style/AppTheme.NoActionBar" />
42-->src\main\AndroidManifest.xml:21:13-56
43        <activity
43-->src\main\AndroidManifest.xml:22:9-26:58
44            android:name="com.krashkrosh748199.shoption.ui.activities.MyOrderDetailsActivity"
44-->src\main\AndroidManifest.xml:23:13-65
45            android:exported="false"
45-->src\main\AndroidManifest.xml:24:13-37
46            android:screenOrientation="portrait"
46-->src\main\AndroidManifest.xml:25:13-49
47            android:theme="@style/AppTheme.NoActionBar" />
47-->src\main\AndroidManifest.xml:26:13-56
48        <activity
48-->src\main\AndroidManifest.xml:27:9-31:59
49            android:name="com.krashkrosh748199.shoption.ui.activities.CheckoutActivity"
49-->src\main\AndroidManifest.xml:28:13-59
50            android:exported="false"
50-->src\main\AndroidManifest.xml:29:13-37
51            android:screenOrientation="portrait"
51-->src\main\AndroidManifest.xml:30:13-49
52            android:theme="@style/AppTheme.NoActionBar" />
52-->src\main\AndroidManifest.xml:31:13-56
53        <activity
53-->src\main\AndroidManifest.xml:32:9-34:48
54            android:name="com.krashkrosh748199.shoption.ui.activities.DashboardActivity"
54-->src\main\AndroidManifest.xml:33:13-60
55            android:label="@string/app_name" />
55-->src\main\AndroidManifest.xml:34:13-45
56        <activity
56-->src\main\AndroidManifest.xml:35:9-39:59
57            android:name="com.krashkrosh748199.shoption.ui.activities.UserProfileActivity"
57-->src\main\AndroidManifest.xml:36:13-62
58            android:exported="false"
58-->src\main\AndroidManifest.xml:37:13-37
59            android:screenOrientation="portrait"
59-->src\main\AndroidManifest.xml:38:13-49
60            android:theme="@style/AppTheme.NoActionBar" />
60-->src\main\AndroidManifest.xml:39:13-56
61        <activity
61-->src\main\AndroidManifest.xml:40:9-50:20
62            android:name="com.krashkrosh748199.shoption.ui.activities.SplashActivity"
62-->src\main\AndroidManifest.xml:41:13-57
63            android:exported="true"
63-->src\main\AndroidManifest.xml:42:13-36
64            android:screenOrientation="portrait"
64-->src\main\AndroidManifest.xml:43:13-49
65            android:theme="@style/AppTheme.NoActionBar" >
65-->src\main\AndroidManifest.xml:44:13-56
66            <intent-filter>
66-->src\main\AndroidManifest.xml:45:13-49:29
67                <action android:name="android.intent.action.MAIN" />
67-->src\main\AndroidManifest.xml:46:17-69
67-->src\main\AndroidManifest.xml:46:25-66
68
69                <category android:name="android.intent.category.LAUNCHER" />
69-->src\main\AndroidManifest.xml:48:17-77
69-->src\main\AndroidManifest.xml:48:27-74
70            </intent-filter>
71        </activity>
72        <activity
72-->src\main\AndroidManifest.xml:51:9-53:52
73            android:name="com.krashkrosh748199.shoption.ui.activities.MainActivity"
73-->src\main\AndroidManifest.xml:52:13-55
74            android:screenOrientation="portrait" />
74-->src\main\AndroidManifest.xml:53:13-49
75        <activity
75-->src\main\AndroidManifest.xml:54:9-57:59
76            android:name="com.krashkrosh748199.shoption.ui.activities.LoginActivity"
76-->src\main\AndroidManifest.xml:55:13-56
77            android:screenOrientation="portrait"
77-->src\main\AndroidManifest.xml:56:13-49
78            android:theme="@style/AppTheme.NoActionBar" />
78-->src\main\AndroidManifest.xml:57:13-56
79        <activity
79-->src\main\AndroidManifest.xml:58:9-61:59
80            android:name="com.krashkrosh748199.shoption.ui.activities.RegisterActivity"
80-->src\main\AndroidManifest.xml:59:13-59
81            android:screenOrientation="portrait"
81-->src\main\AndroidManifest.xml:60:13-49
82            android:theme="@style/AppTheme.NoActionBar" />
82-->src\main\AndroidManifest.xml:61:13-56
83        <activity
83-->src\main\AndroidManifest.xml:62:9-66:59
84            android:name="com.krashkrosh748199.shoption.ui.activities.ForgotPasswordActivity"
84-->src\main\AndroidManifest.xml:63:13-65
85            android:label=""
85-->src\main\AndroidManifest.xml:64:13-29
86            android:screenOrientation="portrait"
86-->src\main\AndroidManifest.xml:65:13-49
87            android:theme="@style/AppTheme.NoActionBar" />
87-->src\main\AndroidManifest.xml:66:13-56
88        <activity
88-->src\main\AndroidManifest.xml:67:9-70:59
89            android:name="com.krashkrosh748199.shoption.ui.activities.AddProductActivity"
89-->src\main\AndroidManifest.xml:68:13-61
90            android:screenOrientation="portrait"
90-->src\main\AndroidManifest.xml:69:13-49
91            android:theme="@style/AppTheme.NoActionBar" />
91-->src\main\AndroidManifest.xml:70:13-56
92        <activity
92-->src\main\AndroidManifest.xml:71:9-74:59
93            android:name="com.krashkrosh748199.shoption.ui.activities.ProductDetailsActivity"
93-->src\main\AndroidManifest.xml:72:13-65
94            android:screenOrientation="portrait"
94-->src\main\AndroidManifest.xml:73:13-49
95            android:theme="@style/AppTheme.NoActionBar" />
95-->src\main\AndroidManifest.xml:74:13-56
96        <activity
96-->src\main\AndroidManifest.xml:75:9-78:59
97            android:name="com.krashkrosh748199.shoption.ui.activities.CartListActivity"
97-->src\main\AndroidManifest.xml:76:13-59
98            android:screenOrientation="portrait"
98-->src\main\AndroidManifest.xml:77:13-49
99            android:theme="@style/AppTheme.NoActionBar" />
99-->src\main\AndroidManifest.xml:78:13-56
100        <activity
100-->src\main\AndroidManifest.xml:79:9-82:59
101            android:name="com.krashkrosh748199.shoption.ui.activities.AddressListActivity"
101-->src\main\AndroidManifest.xml:80:13-62
102            android:screenOrientation="portrait"
102-->src\main\AndroidManifest.xml:81:13-49
103            android:theme="@style/AppTheme.NoActionBar" />
103-->src\main\AndroidManifest.xml:82:13-56
104        <activity
104-->src\main\AndroidManifest.xml:83:9-86:59
105            android:name="com.krashkrosh748199.shoption.ui.activities.AddEditAddressActivity"
105-->src\main\AndroidManifest.xml:84:13-65
106            android:screenOrientation="portrait"
106-->src\main\AndroidManifest.xml:85:13-49
107            android:theme="@style/AppTheme.NoActionBar" />
107-->src\main\AndroidManifest.xml:86:13-56
108        <activity
108-->src\main\AndroidManifest.xml:87:9-90:59
109            android:name="com.krashkrosh748199.shoption.ui.activities.SettingsActivity"
109-->src\main\AndroidManifest.xml:88:13-59
110            android:screenOrientation="portrait"
110-->src\main\AndroidManifest.xml:89:13-49
111            android:theme="@style/AppTheme.NoActionBar" />
111-->src\main\AndroidManifest.xml:90:13-56
112
113        <service
113-->[com.google.firebase:firebase-auth-ktx:22.3.0] AndroidManifest.xml:8:9-14:19
114            android:name="com.google.firebase.components.ComponentDiscoveryService"
114-->[com.google.firebase:firebase-auth-ktx:22.3.0] AndroidManifest.xml:9:13-84
115            android:directBootAware="true"
115-->[com.google.firebase:firebase-common:20.4.2] AndroidManifest.xml:32:13-43
116            android:exported="false" >
116-->[com.google.firebase:firebase-auth-ktx:22.3.0] AndroidManifest.xml:10:13-37
117            <meta-data
117-->[com.google.firebase:firebase-auth-ktx:22.3.0] AndroidManifest.xml:11:13-13:85
118                android:name="com.google.firebase.components:com.google.firebase.auth.ktx.FirebaseAuthLegacyRegistrar"
118-->[com.google.firebase:firebase-auth-ktx:22.3.0] AndroidManifest.xml:12:17-119
119                android:value="com.google.firebase.components.ComponentRegistrar" />
119-->[com.google.firebase:firebase-auth-ktx:22.3.0] AndroidManifest.xml:13:17-82
120            <meta-data
120-->[com.google.firebase:firebase-auth:22.3.0] AndroidManifest.xml:69:13-71:85
121                android:name="com.google.firebase.components:com.google.firebase.auth.FirebaseAuthRegistrar"
121-->[com.google.firebase:firebase-auth:22.3.0] AndroidManifest.xml:70:17-109
122                android:value="com.google.firebase.components.ComponentRegistrar" />
122-->[com.google.firebase:firebase-auth:22.3.0] AndroidManifest.xml:71:17-82
123            <meta-data
123-->[com.google.firebase:firebase-database-ktx:20.3.0] AndroidManifest.xml:12:13-14:85
124                android:name="com.google.firebase.components:com.google.firebase.database.ktx.FirebaseDatabaseLegacyRegistrar"
124-->[com.google.firebase:firebase-database-ktx:20.3.0] AndroidManifest.xml:13:17-127
125                android:value="com.google.firebase.components.ComponentRegistrar" />
125-->[com.google.firebase:firebase-database-ktx:20.3.0] AndroidManifest.xml:14:17-82
126            <meta-data
126-->[com.google.firebase:firebase-database:20.3.0] AndroidManifest.xml:29:13-31:85
127                android:name="com.google.firebase.components:com.google.firebase.database.FirebaseDatabaseKtxRegistrar"
127-->[com.google.firebase:firebase-database:20.3.0] AndroidManifest.xml:30:17-120
128                android:value="com.google.firebase.components.ComponentRegistrar" />
128-->[com.google.firebase:firebase-database:20.3.0] AndroidManifest.xml:31:17-82
129            <meta-data
129-->[com.google.firebase:firebase-database:20.3.0] AndroidManifest.xml:32:13-34:85
130                android:name="com.google.firebase.components:com.google.firebase.database.DatabaseRegistrar"
130-->[com.google.firebase:firebase-database:20.3.0] AndroidManifest.xml:33:17-109
131                android:value="com.google.firebase.components.ComponentRegistrar" />
131-->[com.google.firebase:firebase-database:20.3.0] AndroidManifest.xml:34:17-82
132            <meta-data
132-->[com.google.firebase:firebase-firestore-ktx:24.10.0] AndroidManifest.xml:12:13-14:85
133                android:name="com.google.firebase.components:com.google.firebase.firestore.ktx.FirebaseFirestoreLegacyRegistrar"
133-->[com.google.firebase:firebase-firestore-ktx:24.10.0] AndroidManifest.xml:13:17-129
134                android:value="com.google.firebase.components.ComponentRegistrar" />
134-->[com.google.firebase:firebase-firestore-ktx:24.10.0] AndroidManifest.xml:14:17-82
135            <meta-data
135-->[com.google.firebase:firebase-firestore:24.10.0] AndroidManifest.xml:17:13-19:85
136                android:name="com.google.firebase.components:com.google.firebase.firestore.FirebaseFirestoreKtxRegistrar"
136-->[com.google.firebase:firebase-firestore:24.10.0] AndroidManifest.xml:18:17-122
137                android:value="com.google.firebase.components.ComponentRegistrar" />
137-->[com.google.firebase:firebase-firestore:24.10.0] AndroidManifest.xml:19:17-82
138            <meta-data
138-->[com.google.firebase:firebase-firestore:24.10.0] AndroidManifest.xml:20:13-22:85
139                android:name="com.google.firebase.components:com.google.firebase.firestore.FirestoreRegistrar"
139-->[com.google.firebase:firebase-firestore:24.10.0] AndroidManifest.xml:21:17-111
140                android:value="com.google.firebase.components.ComponentRegistrar" />
140-->[com.google.firebase:firebase-firestore:24.10.0] AndroidManifest.xml:22:17-82
141            <meta-data
141-->[com.google.firebase:firebase-storage-ktx:20.3.0] AndroidManifest.xml:12:13-14:85
142                android:name="com.google.firebase.components:com.google.firebase.storage.ktx.FirebaseStorageLegacyRegistrar"
142-->[com.google.firebase:firebase-storage-ktx:20.3.0] AndroidManifest.xml:13:17-125
143                android:value="com.google.firebase.components.ComponentRegistrar" />
143-->[com.google.firebase:firebase-storage-ktx:20.3.0] AndroidManifest.xml:14:17-82
144            <meta-data
144-->[com.google.firebase:firebase-storage:20.3.0] AndroidManifest.xml:30:13-32:85
145                android:name="com.google.firebase.components:com.google.firebase.storage.FirebaseStorageKtxRegistrar"
145-->[com.google.firebase:firebase-storage:20.3.0] AndroidManifest.xml:31:17-118
146                android:value="com.google.firebase.components.ComponentRegistrar" />
146-->[com.google.firebase:firebase-storage:20.3.0] AndroidManifest.xml:32:17-82
147            <meta-data
147-->[com.google.firebase:firebase-storage:20.3.0] AndroidManifest.xml:33:13-35:85
148                android:name="com.google.firebase.components:com.google.firebase.storage.StorageRegistrar"
148-->[com.google.firebase:firebase-storage:20.3.0] AndroidManifest.xml:34:17-107
149                android:value="com.google.firebase.components.ComponentRegistrar" />
149-->[com.google.firebase:firebase-storage:20.3.0] AndroidManifest.xml:35:17-82
150            <meta-data
150-->[com.google.firebase:firebase-appcheck:17.1.1] AndroidManifest.xml:25:13-27:85
151                android:name="com.google.firebase.components:com.google.firebase.appcheck.FirebaseAppCheckKtxRegistrar"
151-->[com.google.firebase:firebase-appcheck:17.1.1] AndroidManifest.xml:26:17-120
152                android:value="com.google.firebase.components.ComponentRegistrar" />
152-->[com.google.firebase:firebase-appcheck:17.1.1] AndroidManifest.xml:27:17-82
153            <meta-data
153-->[com.google.firebase:firebase-appcheck:17.1.1] AndroidManifest.xml:28:13-30:85
154                android:name="com.google.firebase.components:com.google.firebase.appcheck.FirebaseAppCheckRegistrar"
154-->[com.google.firebase:firebase-appcheck:17.1.1] AndroidManifest.xml:29:17-117
155                android:value="com.google.firebase.components.ComponentRegistrar" />
155-->[com.google.firebase:firebase-appcheck:17.1.1] AndroidManifest.xml:30:17-82
156            <meta-data
156-->[com.google.firebase:firebase-analytics-ktx:21.5.0] AndroidManifest.xml:11:13-13:85
157                android:name="com.google.firebase.components:com.google.firebase.analytics.ktx.FirebaseAnalyticsLegacyRegistrar"
157-->[com.google.firebase:firebase-analytics-ktx:21.5.0] AndroidManifest.xml:12:17-129
158                android:value="com.google.firebase.components.ComponentRegistrar" />
158-->[com.google.firebase:firebase-analytics-ktx:21.5.0] AndroidManifest.xml:13:17-82
159            <meta-data
159-->[com.google.android.gms:play-services-measurement-api:21.5.0] AndroidManifest.xml:37:13-39:85
160                android:name="com.google.firebase.components:com.google.firebase.analytics.connector.internal.AnalyticsConnectorRegistrar"
160-->[com.google.android.gms:play-services-measurement-api:21.5.0] AndroidManifest.xml:38:17-139
161                android:value="com.google.firebase.components.ComponentRegistrar" />
161-->[com.google.android.gms:play-services-measurement-api:21.5.0] AndroidManifest.xml:39:17-82
162            <meta-data
162-->[com.google.firebase:firebase-installations:17.2.0] AndroidManifest.xml:15:13-17:85
163                android:name="com.google.firebase.components:com.google.firebase.installations.FirebaseInstallationsKtxRegistrar"
163-->[com.google.firebase:firebase-installations:17.2.0] AndroidManifest.xml:16:17-130
164                android:value="com.google.firebase.components.ComponentRegistrar" />
164-->[com.google.firebase:firebase-installations:17.2.0] AndroidManifest.xml:17:17-82
165            <meta-data
165-->[com.google.firebase:firebase-installations:17.2.0] AndroidManifest.xml:18:13-20:85
166                android:name="com.google.firebase.components:com.google.firebase.installations.FirebaseInstallationsRegistrar"
166-->[com.google.firebase:firebase-installations:17.2.0] AndroidManifest.xml:19:17-127
167                android:value="com.google.firebase.components.ComponentRegistrar" />
167-->[com.google.firebase:firebase-installations:17.2.0] AndroidManifest.xml:20:17-82
168            <meta-data
168-->[com.google.firebase:firebase-common-ktx:20.4.2] AndroidManifest.xml:12:13-14:85
169                android:name="com.google.firebase.components:com.google.firebase.ktx.FirebaseCommonLegacyRegistrar"
169-->[com.google.firebase:firebase-common-ktx:20.4.2] AndroidManifest.xml:13:17-116
170                android:value="com.google.firebase.components.ComponentRegistrar" />
170-->[com.google.firebase:firebase-common-ktx:20.4.2] AndroidManifest.xml:14:17-82
171            <meta-data
171-->[com.google.firebase:firebase-common:20.4.2] AndroidManifest.xml:35:13-37:85
172                android:name="com.google.firebase.components:com.google.firebase.FirebaseCommonKtxRegistrar"
172-->[com.google.firebase:firebase-common:20.4.2] AndroidManifest.xml:36:17-109
173                android:value="com.google.firebase.components.ComponentRegistrar" />
173-->[com.google.firebase:firebase-common:20.4.2] AndroidManifest.xml:37:17-82
174        </service>
175
176        <activity
176-->[com.google.firebase:firebase-auth:22.3.0] AndroidManifest.xml:29:9-46:20
177            android:name="com.google.firebase.auth.internal.GenericIdpActivity"
177-->[com.google.firebase:firebase-auth:22.3.0] AndroidManifest.xml:30:13-80
178            android:excludeFromRecents="true"
178-->[com.google.firebase:firebase-auth:22.3.0] AndroidManifest.xml:31:13-46
179            android:exported="true"
179-->[com.google.firebase:firebase-auth:22.3.0] AndroidManifest.xml:32:13-36
180            android:launchMode="singleTask"
180-->[com.google.firebase:firebase-auth:22.3.0] AndroidManifest.xml:33:13-44
181            android:theme="@android:style/Theme.Translucent.NoTitleBar" >
181-->[com.google.firebase:firebase-auth:22.3.0] AndroidManifest.xml:34:13-72
182            <intent-filter>
182-->[com.google.firebase:firebase-auth:22.3.0] AndroidManifest.xml:35:13-45:29
183                <action android:name="android.intent.action.VIEW" />
183-->[com.google.firebase:firebase-auth:22.3.0] AndroidManifest.xml:36:17-69
183-->[com.google.firebase:firebase-auth:22.3.0] AndroidManifest.xml:36:25-66
184
185                <category android:name="android.intent.category.DEFAULT" />
185-->[com.google.firebase:firebase-auth:22.3.0] AndroidManifest.xml:38:17-76
185-->[com.google.firebase:firebase-auth:22.3.0] AndroidManifest.xml:38:27-73
186                <category android:name="android.intent.category.BROWSABLE" />
186-->[com.google.firebase:firebase-auth:22.3.0] AndroidManifest.xml:39:17-78
186-->[com.google.firebase:firebase-auth:22.3.0] AndroidManifest.xml:39:27-75
187
188                <data
188-->[com.google.firebase:firebase-auth:22.3.0] AndroidManifest.xml:41:17-44:51
189                    android:host="firebase.auth"
189-->[com.google.firebase:firebase-auth:22.3.0] AndroidManifest.xml:42:21-49
190                    android:path="/"
190-->[com.google.firebase:firebase-auth:22.3.0] AndroidManifest.xml:43:21-37
191                    android:scheme="genericidp" />
191-->[com.google.firebase:firebase-auth:22.3.0] AndroidManifest.xml:44:21-48
192            </intent-filter>
193        </activity>
194        <activity
194-->[com.google.firebase:firebase-auth:22.3.0] AndroidManifest.xml:47:9-64:20
195            android:name="com.google.firebase.auth.internal.RecaptchaActivity"
195-->[com.google.firebase:firebase-auth:22.3.0] AndroidManifest.xml:48:13-79
196            android:excludeFromRecents="true"
196-->[com.google.firebase:firebase-auth:22.3.0] AndroidManifest.xml:49:13-46
197            android:exported="true"
197-->[com.google.firebase:firebase-auth:22.3.0] AndroidManifest.xml:50:13-36
198            android:launchMode="singleTask"
198-->[com.google.firebase:firebase-auth:22.3.0] AndroidManifest.xml:51:13-44
199            android:theme="@android:style/Theme.Translucent.NoTitleBar" >
199-->[com.google.firebase:firebase-auth:22.3.0] AndroidManifest.xml:52:13-72
200            <intent-filter>
200-->[com.google.firebase:firebase-auth:22.3.0] AndroidManifest.xml:53:13-63:29
201                <action android:name="android.intent.action.VIEW" />
201-->[com.google.firebase:firebase-auth:22.3.0] AndroidManifest.xml:36:17-69
201-->[com.google.firebase:firebase-auth:22.3.0] AndroidManifest.xml:36:25-66
202
203                <category android:name="android.intent.category.DEFAULT" />
203-->[com.google.firebase:firebase-auth:22.3.0] AndroidManifest.xml:38:17-76
203-->[com.google.firebase:firebase-auth:22.3.0] AndroidManifest.xml:38:27-73
204                <category android:name="android.intent.category.BROWSABLE" />
204-->[com.google.firebase:firebase-auth:22.3.0] AndroidManifest.xml:39:17-78
204-->[com.google.firebase:firebase-auth:22.3.0] AndroidManifest.xml:39:27-75
205
206                <data
206-->[com.google.firebase:firebase-auth:22.3.0] AndroidManifest.xml:41:17-44:51
207                    android:host="firebase.auth"
207-->[com.google.firebase:firebase-auth:22.3.0] AndroidManifest.xml:42:21-49
208                    android:path="/"
208-->[com.google.firebase:firebase-auth:22.3.0] AndroidManifest.xml:43:21-37
209                    android:scheme="recaptcha" />
209-->[com.google.firebase:firebase-auth:22.3.0] AndroidManifest.xml:44:21-48
210            </intent-filter>
211        </activity>
212        <activity
212-->[com.google.android.gms:play-services-base:18.1.0] AndroidManifest.xml:20:9-22:45
213            android:name="com.google.android.gms.common.api.GoogleApiActivity"
213-->[com.google.android.gms:play-services-base:18.1.0] AndroidManifest.xml:20:19-85
214            android:exported="false"
214-->[com.google.android.gms:play-services-base:18.1.0] AndroidManifest.xml:22:19-43
215            android:theme="@android:style/Theme.Translucent.NoTitleBar" />
215-->[com.google.android.gms:play-services-base:18.1.0] AndroidManifest.xml:21:19-78
216
217        <property
217-->[com.google.android.gms:play-services-measurement-api:21.5.0] AndroidManifest.xml:30:9-32:61
218            android:name="android.adservices.AD_SERVICES_CONFIG"
218-->[com.google.android.gms:play-services-measurement-api:21.5.0] AndroidManifest.xml:31:13-65
219            android:resource="@xml/ga_ad_services_config" />
219-->[com.google.android.gms:play-services-measurement-api:21.5.0] AndroidManifest.xml:32:13-58
220
221        <provider
221-->[com.google.firebase:firebase-common:20.4.2] AndroidManifest.xml:23:9-28:39
222            android:name="com.google.firebase.provider.FirebaseInitProvider"
222-->[com.google.firebase:firebase-common:20.4.2] AndroidManifest.xml:24:13-77
223            android:authorities="com.krashkrosh748199.shoption.firebaseinitprovider"
223-->[com.google.firebase:firebase-common:20.4.2] AndroidManifest.xml:25:13-72
224            android:directBootAware="true"
224-->[com.google.firebase:firebase-common:20.4.2] AndroidManifest.xml:26:13-43
225            android:exported="false"
225-->[com.google.firebase:firebase-common:20.4.2] AndroidManifest.xml:27:13-37
226            android:initOrder="100" />
226-->[com.google.firebase:firebase-common:20.4.2] AndroidManifest.xml:28:13-36
227
228        <receiver
228-->[com.google.android.gms:play-services-measurement:21.5.0] AndroidManifest.xml:29:9-33:20
229            android:name="com.google.android.gms.measurement.AppMeasurementReceiver"
229-->[com.google.android.gms:play-services-measurement:21.5.0] AndroidManifest.xml:30:13-85
230            android:enabled="true"
230-->[com.google.android.gms:play-services-measurement:21.5.0] AndroidManifest.xml:31:13-35
231            android:exported="false" >
231-->[com.google.android.gms:play-services-measurement:21.5.0] AndroidManifest.xml:32:13-37
232        </receiver>
233
234        <service
234-->[com.google.android.gms:play-services-measurement:21.5.0] AndroidManifest.xml:35:9-38:40
235            android:name="com.google.android.gms.measurement.AppMeasurementService"
235-->[com.google.android.gms:play-services-measurement:21.5.0] AndroidManifest.xml:36:13-84
236            android:enabled="true"
236-->[com.google.android.gms:play-services-measurement:21.5.0] AndroidManifest.xml:37:13-35
237            android:exported="false" />
237-->[com.google.android.gms:play-services-measurement:21.5.0] AndroidManifest.xml:38:13-37
238        <service
238-->[com.google.android.gms:play-services-measurement:21.5.0] AndroidManifest.xml:39:9-43:72
239            android:name="com.google.android.gms.measurement.AppMeasurementJobService"
239-->[com.google.android.gms:play-services-measurement:21.5.0] AndroidManifest.xml:40:13-87
240            android:enabled="true"
240-->[com.google.android.gms:play-services-measurement:21.5.0] AndroidManifest.xml:41:13-35
241            android:exported="false"
241-->[com.google.android.gms:play-services-measurement:21.5.0] AndroidManifest.xml:42:13-37
242            android:permission="android.permission.BIND_JOB_SERVICE" />
242-->[com.google.android.gms:play-services-measurement:21.5.0] AndroidManifest.xml:43:13-69
243
244        <uses-library
244-->[androidx.window:window:1.0.0] AndroidManifest.xml:25:9-27:40
245            android:name="androidx.window.extensions"
245-->[androidx.window:window:1.0.0] AndroidManifest.xml:26:13-54
246            android:required="false" />
246-->[androidx.window:window:1.0.0] AndroidManifest.xml:27:13-37
247        <uses-library
247-->[androidx.window:window:1.0.0] AndroidManifest.xml:28:9-30:40
248            android:name="androidx.window.sidecar"
248-->[androidx.window:window:1.0.0] AndroidManifest.xml:29:13-51
249            android:required="false" />
249-->[androidx.window:window:1.0.0] AndroidManifest.xml:30:13-37
250
251        <provider
251-->[androidx.emoji2:emoji2:1.2.0] AndroidManifest.xml:24:9-32:20
252            android:name="androidx.startup.InitializationProvider"
252-->[androidx.emoji2:emoji2:1.2.0] AndroidManifest.xml:25:13-67
253            android:authorities="com.krashkrosh748199.shoption.androidx-startup"
253-->[androidx.emoji2:emoji2:1.2.0] AndroidManifest.xml:26:13-68
254            android:exported="false" >